<!DOCTYPE html PUBLIC "-//W3C//DTD XHTML 1.1//EN" "http://www.w3.org/TR/xhtml11/DTD/xhtml11.dtd">
<html xmlns="http://www.w3.org/1999/xhtml"><head><title>TestNG Report</title><style type="text/css">table {margin-bottom:10px;border-collapse:collapse;empty-cells:show}th,td {border:1px solid #009;padding:.25em .5em}th {vertical-align:bottom}td {vertical-align:top}table a {font-weight:bold}.stripe td {background-color: #E6EBF9}.num {text-align:right}.passedodd td {background-color: #3F3}.passedeven td {background-color: #0A0}.skippedodd td {background-color: #DDD}.skippedeven td {background-color: #CCC}.failedodd td,.attn {background-color: #F33}.failedeven td,.stripe .attn {background-color: #D00}.stacktrace {white-space:pre;font-family:monospace}.totop {font-size:85%;text-align:center;border-bottom:2px solid #000}</style></head><body><table><tr><th>Test</th><th># Passed</th><th># Skipped</th><th># Failed</th><th>Time (ms)</th><th>Included Groups</th><th>Excluded Groups</th></tr><tr><th colspan="7">ShredIt</th></tr><tr><td><a href="#t0">Test</a></td><td class="num">1</td><td class="num attn">6</td><td class="num attn">1</td><td class="num">73,823</td><td></td><td></td></tr></table><table id='summary'><thead><tr><th>Class</th><th>Method</th><th>Start</th><th>Time (ms)</th></tr></thead><tbody><tr><th colspan="4">ShredIt</th></tr></tbody><tbody id="t0"><tr><th colspan="4">Test &#8212; failed</th></tr><tr class="failedeven"><td rowspan="1">eca.blogDetailsTest.BlogPageTest</td><td><a href="#m0">testContinueReadingLink</a></td><td rowspan="1">1502224479144</td><td rowspan="1">65914</td></tr><tr><th colspan="4">Test &#8212; skipped</th></tr><tr class="skippedeven"><td rowspan="6">eca.blogDetailsTest.BlogPageTest</td><td><a href="#m1">testArchivesContent</a></td><td rowspan="1">1502224545425</td><td rowspan="1">0</td></tr><tr class="skippedeven"><td><a href="#m2">testBottomRailWidget</a></td><td rowspan="1">1502224545426</td><td rowspan="1">0</td></tr><tr class="skippedeven"><td><a href="#m3">testEmailValidation</a></td><td rowspan="1">1502224545425</td><td rowspan="1">0</td></tr><tr class="skippedeven"><td><a href="#m4">testOlderPostButton</a></td><td rowspan="1">1502224545427</td><td rowspan="1">0</td></tr><tr class="skippedeven"><td><a href="#m5">testRssButton</a></td><td rowspan="1">1502224545428</td><td rowspan="1">0</td></tr><tr class="skippedeven"><td><a href="#m6">testSubscribeBlog</a></td><td rowspan="1">1502224545423</td><td rowspan="1">0</td></tr><tr><th colspan="4">Test &#8212; passed</th></tr><tr class="passedeven"><td rowspan="1">eca.blogDetailsTest.BlogPageTest</td><td><a href="#m7">testBannerContents</a></td><td rowspan="1">1502224479138</td><td rowspan="1">4</td></tr></tbody></table><h2>Test</h2><h3 id="m0">eca.blogDetailsTest.BlogPageTest#testContinueReadingLink</h3><table class="result"><tr><th>Exception</th></tr><tr><td><div class="stacktrace">org.openqa.selenium.TimeoutException: Timed out after 60 seconds waiting for visibility of element located by By.xpath: .//*[@id=&apos;page-content&apos;]/di/li[1]/p[3]/a
Build info: version: &apos;2.45.0&apos;, revision: &apos;5017cb8e7ca8e37638dc3091b2440b90a1d8686f&apos;, time: &apos;2015-02-27 09:10:26&apos;
System info: host: &apos;PPROPLESCH&apos;, ip: &apos;192.168.100.81&apos;, os.name: &apos;Windows 7&apos;, os.arch: &apos;amd64&apos;, os.version: &apos;6.1&apos;, java.version: &apos;1.8.0_141&apos;
Driver info: org.openqa.selenium.chrome.ChromeDriver
Capabilities [{applicationCacheEnabled=false, rotatable=false, mobileEmulationEnabled=false, networkConnectionEnabled=false, chrome={chromedriverVersion=2.30.477700 (0057494ad8732195794a7b32078424f92a5fce41), userDataDir=C:\Users\abharath\AppData\Local\Temp\scoped_dir15296_12560}, takesHeapSnapshot=true, pageLoadStrategy=normal, databaseEnabled=false, handlesAlerts=true, hasTouchScreen=false, version=59.0.3071.115, platform=XP, browserConnectionEnabled=false, nativeEvents=true, acceptSslCerts=true, locationContextEnabled=true, webStorageEnabled=true, browserName=chrome, takesScreenshot=true, javascriptEnabled=true, cssSelectorsEnabled=true, unexpectedAlertBehaviour=}]
Session ID: 8612944d1efa63ce06199e13a0cc0ac8
	at org.openqa.selenium.support.ui.WebDriverWait.timeoutException(WebDriverWait.java:79)
	at org.openqa.selenium.support.ui.FluentWait.until(FluentWait.java:228)
	at eca.utility.Waiting.waitForElementToLoad(Waiting.java:23)
	at eca.blogDetails.BlogPage.continueReadingLinkVerification(BlogPage.java:80)
	at eca.blogDetailsTest.BlogPageTest.testContinueReadingLink(BlogPageTest.java:34)
Caused by: org.openqa.selenium.NoSuchElementException: no such element: Unable to locate element: {&quot;method&quot;:&quot;xpath&quot;,&quot;selector&quot;:&quot;.//*[@id=&apos;page-content&apos;]/di/li[1]/p[3]/a&quot;}
  (Session info: chrome=59.0.3071.115)
  (Driver info: chromedriver=2.30.477700 (0057494ad8732195794a7b32078424f92a5fce41),platform=Windows NT 6.1.7601 SP1 x86_64) (WARNING: The server did not provide any stacktrace information)
Command duration or timeout: 10.06 seconds
For documentation on this error, please visit: http://seleniumhq.org/exceptions/no_such_element.html
Build info: version: &apos;2.45.0&apos;, revision: &apos;5017cb8e7ca8e37638dc3091b2440b90a1d8686f&apos;, time: &apos;2015-02-27 09:10:26&apos;
System info: host: &apos;PPROPLESCH&apos;, ip: &apos;192.168.100.81&apos;, os.name: &apos;Windows 7&apos;, os.arch: &apos;amd64&apos;, os.version: &apos;6.1&apos;, java.version: &apos;1.8.0_141&apos;
Driver info: org.openqa.selenium.chrome.ChromeDriver
Capabilities [{applicationCacheEnabled=false, rotatable=false, mobileEmulationEnabled=false, networkConnectionEnabled=false, chrome={chromedriverVersion=2.30.477700 (0057494ad8732195794a7b32078424f92a5fce41), userDataDir=C:\Users\abharath\AppData\Local\Temp\scoped_dir15296_12560}, takesHeapSnapshot=true, pageLoadStrategy=normal, databaseEnabled=false, handlesAlerts=true, hasTouchScreen=false, version=59.0.3071.115, platform=XP, browserConnectionEnabled=false, nativeEvents=true, acceptSslCerts=true, locationContextEnabled=true, webStorageEnabled=true, browserName=chrome, takesScreenshot=true, javascriptEnabled=true, cssSelectorsEnabled=true, unexpectedAlertBehaviour=}]
Session ID: 8612944d1efa63ce06199e13a0cc0ac8
*** Element info: {Using=xpath, value=.//*[@id=&apos;page-content&apos;]/di/li[1]/p[3]/a}
	at org.openqa.selenium.remote.ErrorHandler.createThrowable(ErrorHandler.java:204)
	at org.openqa.selenium.remote.ErrorHandler.throwIfResponseFailed(ErrorHandler.java:156)
	at org.openqa.selenium.remote.RemoteWebDriver.execute(RemoteWebDriver.java:599)
	at org.openqa.selenium.remote.RemoteWebDriver.findElement(RemoteWebDriver.java:352)
	at org.openqa.selenium.remote.RemoteWebDriver.findElementByXPath(RemoteWebDriver.java:449)
	at org.openqa.selenium.By$ByXPath.findElement(By.java:357)
	at org.openqa.selenium.remote.RemoteWebDriver.findElement(RemoteWebDriver.java:344)
	at org.openqa.selenium.support.ui.ExpectedConditions.findElement(ExpectedConditions.java:730)
	at org.openqa.selenium.support.ui.ExpectedConditions.access$000(ExpectedConditions.java:39)
	at org.openqa.selenium.support.ui.ExpectedConditions$4.apply(ExpectedConditions.java:130)
	at org.openqa.selenium.support.ui.ExpectedConditions$4.apply(ExpectedConditions.java:126)
	at org.openqa.selenium.support.ui.FluentWait.until(FluentWait.java:208)
	... 28 more
... Removed 29 stack frames</div></td></tr></table><p class="totop"><a href="#summary">back to summary</a></p><h3 id="m1">eca.blogDetailsTest.BlogPageTest#testArchivesContent</h3><table class="result"><tr><th>Exception</th></tr><tr><td><div class="stacktrace">java.lang.Throwable: Method BlogPageTest.testArchivesContent()[pri:0, instance:eca.blogDetailsTest.BlogPageTest@55b7a4e0] depends on not successfully finished methods
... Removed 18 stack frames</div></td></tr></table><p class="totop"><a href="#summary">back to summary</a></p><h3 id="m2">eca.blogDetailsTest.BlogPageTest#testBottomRailWidget</h3><table class="result"><tr><th>Exception</th></tr><tr><td><div class="stacktrace">java.lang.Throwable: Method BlogPageTest.testBottomRailWidget()[pri:0, instance:eca.blogDetailsTest.BlogPageTest@55b7a4e0] depends on not successfully finished methods
... Removed 18 stack frames</div></td></tr></table><p class="totop"><a href="#summary">back to summary</a></p><h3 id="m3">eca.blogDetailsTest.BlogPageTest#testEmailValidation</h3><table class="result"><tr><th>Exception</th></tr><tr><td><div class="stacktrace">java.lang.Throwable: Method BlogPageTest.testEmailValidation()[pri:0, instance:eca.blogDetailsTest.BlogPageTest@55b7a4e0] depends on not successfully finished methods
... Removed 18 stack frames</div></td></tr></table><p class="totop"><a href="#summary">back to summary</a></p><h3 id="m4">eca.blogDetailsTest.BlogPageTest#testOlderPostButton</h3><table class="result"><tr><th>Exception</th></tr><tr><td><div class="stacktrace">java.lang.Throwable: Method BlogPageTest.testOlderPostButton()[pri:0, instance:eca.blogDetailsTest.BlogPageTest@55b7a4e0] depends on not successfully finished methods
... Removed 18 stack frames</div></td></tr></table><p class="totop"><a href="#summary">back to summary</a></p><h3 id="m5">eca.blogDetailsTest.BlogPageTest#testRssButton</h3><table class="result"><tr><th>Exception</th></tr><tr><td><div class="stacktrace">java.lang.Throwable: Method BlogPageTest.testRssButton()[pri:0, instance:eca.blogDetailsTest.BlogPageTest@55b7a4e0] depends on not successfully finished methods
... Removed 18 stack frames</div></td></tr></table><p class="totop"><a href="#summary">back to summary</a></p><h3 id="m6">eca.blogDetailsTest.BlogPageTest#testSubscribeBlog</h3><table class="result"><tr><th>Exception</th></tr><tr><td><div class="stacktrace">java.lang.Throwable: Method BlogPageTest.testSubscribeBlog()[pri:0, instance:eca.blogDetailsTest.BlogPageTest@55b7a4e0] depends on not successfully finished methods
... Removed 18 stack frames</div></td></tr></table><p class="totop"><a href="#summary">back to summary</a></p><h3 id="m7">eca.blogDetailsTest.BlogPageTest#testBannerContents</h3><table class="result"></table><p class="totop"><a href="#summary">back to summary</a></p></body></html>