<?xml version="1.0" encoding="UTF-8"?>
<!-- Generated by org.testng.reporters.JUnitXMLReporter -->
<testsuite hostname="PPROPLESCH" ignored="0" name="Test" tests="8" failures="1" timestamp="08 Aug 2017 20:35:46 GMT" time="73.823" errors="0">
  <testcase name="testBannerContents" time="0.004" classname="eca.blogDetailsTest.BlogPageTest"/>
  <testcase name="testContinueReadingLink" time="65.914" classname="eca.blogDetailsTest.BlogPageTest">
    <failure type="org.openqa.selenium.TimeoutException" message="Timed out after 60 seconds waiting for visibility of element located by By.xpath: .//*[@id=&amp;apos;page-content&amp;apos;]/di/li[1]/p[3]/a
Build info: version: &amp;apos;2.45.0&amp;apos;, revision: &amp;apos;5017cb8e7ca8e37638dc3091b2440b90a1d8686f&amp;apos;, time: &amp;apos;2015-02-27 09:10:26&amp;apos;
System info: host: &amp;apos;PPROPLESCH&amp;apos;, ip: &amp;apos;192.168.100.81&amp;apos;, os.name: &amp;apos;Windows 7&amp;apos;, os.arch: &amp;apos;amd64&amp;apos;, os.version: &amp;apos;6.1&amp;apos;, java.version: &amp;apos;1.8.0_141&amp;apos;
Driver info: org.openqa.selenium.chrome.ChromeDriver
Capabilities [{applicationCacheEnabled=false, rotatable=false, mobileEmulationEnabled=false, networkConnectionEnabled=false, chrome={chromedriverVersion=2.30.477700 (0057494ad8732195794a7b32078424f92a5fce41), userDataDir=C:\Users\abharath\AppData\Local\Temp\scoped_dir15296_12560}, takesHeapSnapshot=true, pageLoadStrategy=normal, databaseEnabled=false, handlesAlerts=true, hasTouchScreen=false, version=59.0.3071.115, platform=XP, browserConnectionEnabled=false, nativeEvents=true, acceptSslCerts=true, locationContextEnabled=true, webStorageEnabled=true, browserName=chrome, takesScreenshot=true, javascriptEnabled=true, cssSelectorsEnabled=true, unexpectedAlertBehaviour=}]
Session ID: 8612944d1efa63ce06199e13a0cc0ac8">
      <![CDATA[org.openqa.selenium.TimeoutException: Timed out after 60 seconds waiting for visibility of element located by By.xpath: .//*[@id='page-content']/di/li[1]/p[3]/a
Build info: version: '2.45.0', revision: '5017cb8e7ca8e37638dc3091b2440b90a1d8686f', time: '2015-02-27 09:10:26'
System info: host: 'PPROPLESCH', ip: '192.168.100.81', os.name: 'Windows 7', os.arch: 'amd64', os.version: '6.1', java.version: '1.8.0_141'
Driver info: org.openqa.selenium.chrome.ChromeDriver
Capabilities [{applicationCacheEnabled=false, rotatable=false, mobileEmulationEnabled=false, networkConnectionEnabled=false, chrome={chromedriverVersion=2.30.477700 (0057494ad8732195794a7b32078424f92a5fce41), userDataDir=C:\Users\abharath\AppData\Local\Temp\scoped_dir15296_12560}, takesHeapSnapshot=true, pageLoadStrategy=normal, databaseEnabled=false, handlesAlerts=true, hasTouchScreen=false, version=59.0.3071.115, platform=XP, browserConnectionEnabled=false, nativeEvents=true, acceptSslCerts=true, locationContextEnabled=true, webStorageEnabled=true, browserName=chrome, takesScreenshot=true, javascriptEnabled=true, cssSelectorsEnabled=true, unexpectedAlertBehaviour=}]
Session ID: 8612944d1efa63ce06199e13a0cc0ac8
	at org.openqa.selenium.support.ui.WebDriverWait.timeoutException(WebDriverWait.java:79)
	at org.openqa.selenium.support.ui.FluentWait.until(FluentWait.java:228)
	at eca.utility.Waiting.waitForElementToLoad(Waiting.java:23)
	at eca.blogDetails.BlogPage.continueReadingLinkVerification(BlogPage.java:80)
	at eca.blogDetailsTest.BlogPageTest.testContinueReadingLink(BlogPageTest.java:34)
Caused by: org.openqa.selenium.NoSuchElementException: no such element: Unable to locate element: {"method":"xpath","selector":".//*[@id='page-content']/di/li[1]/p[3]/a"}
  (Session info: chrome=59.0.3071.115)
  (Driver info: chromedriver=2.30.477700 (0057494ad8732195794a7b32078424f92a5fce41),platform=Windows NT 6.1.7601 SP1 x86_64) (WARNING: The server did not provide any stacktrace information)
Command duration or timeout: 10.06 seconds
For documentation on this error, please visit: http://seleniumhq.org/exceptions/no_such_element.html
Build info: version: '2.45.0', revision: '5017cb8e7ca8e37638dc3091b2440b90a1d8686f', time: '2015-02-27 09:10:26'
System info: host: 'PPROPLESCH', ip: '192.168.100.81', os.name: 'Windows 7', os.arch: 'amd64', os.version: '6.1', java.version: '1.8.0_141'
Driver info: org.openqa.selenium.chrome.ChromeDriver
Capabilities [{applicationCacheEnabled=false, rotatable=false, mobileEmulationEnabled=false, networkConnectionEnabled=false, chrome={chromedriverVersion=2.30.477700 (0057494ad8732195794a7b32078424f92a5fce41), userDataDir=C:\Users\abharath\AppData\Local\Temp\scoped_dir15296_12560}, takesHeapSnapshot=true, pageLoadStrategy=normal, databaseEnabled=false, handlesAlerts=true, hasTouchScreen=false, version=59.0.3071.115, platform=XP, browserConnectionEnabled=false, nativeEvents=true, acceptSslCerts=true, locationContextEnabled=true, webStorageEnabled=true, browserName=chrome, takesScreenshot=true, javascriptEnabled=true, cssSelectorsEnabled=true, unexpectedAlertBehaviour=}]
Session ID: 8612944d1efa63ce06199e13a0cc0ac8
*** Element info: {Using=xpath, value=.//*[@id='page-content']/di/li[1]/p[3]/a}
	at org.openqa.selenium.remote.ErrorHandler.createThrowable(ErrorHandler.java:204)
	at org.openqa.selenium.remote.ErrorHandler.throwIfResponseFailed(ErrorHandler.java:156)
	at org.openqa.selenium.remote.RemoteWebDriver.execute(RemoteWebDriver.java:599)
	at org.openqa.selenium.remote.RemoteWebDriver.findElement(RemoteWebDriver.java:352)
	at org.openqa.selenium.remote.RemoteWebDriver.findElementByXPath(RemoteWebDriver.java:449)
	at org.openqa.selenium.By$ByXPath.findElement(By.java:357)
	at org.openqa.selenium.remote.RemoteWebDriver.findElement(RemoteWebDriver.java:344)
	at org.openqa.selenium.support.ui.ExpectedConditions.findElement(ExpectedConditions.java:730)
	at org.openqa.selenium.support.ui.ExpectedConditions.access$000(ExpectedConditions.java:39)
	at org.openqa.selenium.support.ui.ExpectedConditions$4.apply(ExpectedConditions.java:130)
	at org.openqa.selenium.support.ui.ExpectedConditions$4.apply(ExpectedConditions.java:126)
	at org.openqa.selenium.support.ui.FluentWait.until(FluentWait.java:208)
	... 28 more
... Removed 29 stack frames]]>
    </failure>
  </testcase> <!-- testContinueReadingLink -->
  <testcase name="testSubscribeBlog" time="0.0" classname="eca.blogDetailsTest.BlogPageTest">
    <skipped/>
  </testcase> <!-- testSubscribeBlog -->
  <testcase name="testEmailValidation" time="0.0" classname="eca.blogDetailsTest.BlogPageTest">
    <skipped/>
  </testcase> <!-- testEmailValidation -->
  <testcase name="testArchivesContent" time="0.0" classname="eca.blogDetailsTest.BlogPageTest">
    <skipped/>
  </testcase> <!-- testArchivesContent -->
  <testcase name="testBottomRailWidget" time="0.0" classname="eca.blogDetailsTest.BlogPageTest">
    <skipped/>
  </testcase> <!-- testBottomRailWidget -->
  <testcase name="testOlderPostButton" time="0.0" classname="eca.blogDetailsTest.BlogPageTest">
    <skipped/>
  </testcase> <!-- testOlderPostButton -->
  <testcase name="testRssButton" time="0.0" classname="eca.blogDetailsTest.BlogPageTest">
    <skipped/>
  </testcase> <!-- testRssButton -->
</testsuite> <!-- Test -->
